[31.05.2022, 13:27:21] [auto]
{
    "update_id": 1234567890,
    "message": {
        "message_id": 666,
        "from": {
            "id": 436432850,
            "is_bot": false,
            "first_name": "чипсы лейс",
            "username": "chipslays",
            "language_code": "ru"
        },
        "chat": {
            "id": 436432850,
            "first_name": "чипсы лейс",
            "username": "chipslays",
            "type": "private"
        },
        "date": 1649819314,
        "text": "/start"
    }
}
[31.05.2022, 13:32:31] [auto]
{
    "update_id": 1234567890,
    "message": {
        "message_id": 666,
        "from": {
            "id": 436432850,
            "is_bot": false,
            "first_name": "чипсы лейс",
            "username": "chipslays",
            "language_code": "ru"
        },
        "chat": {
            "id": 436432850,
            "first_name": "чипсы лейс",
            "username": "chipslays",
            "type": "private"
        },
        "date": 1649819314,
        "text": "/start"
    }
}
